<?xml version="1.0" encoding="UTF-8"?>
<!-- Generated by org.testng.reporters.JUnitReportReporter -->
<testsuite hostname="DESKTOP-EGK24DD" failures="0" tests="2" name="Medifox_Page_Tests.LoginOne_Page_Test" time="18.445" errors="0" timestamp="2022-11-19T00:03:53 IST" skipped="0">
  <testcase classname="Medifox_Page_Tests.LoginOne_Page_Test" name="pageOneTest" time="8.388"/>
  <system-out/>
  <testcase classname="Medifox_Page_Tests.LoginOne_Page_Test" name="pageTwoTest" time="10.057"/>
  <system-out/>
</testsuite> <!-- Medifox_Page_Tests.LoginOne_Page_Test -->
