<?xml version="1.0" encoding="UTF-8"?>
<!-- Generated by org.testng.reporters.JUnitReportReporter -->
<testsuite hostname="DESKTOP-EGK24DD" failures="0" tests="3" name="Medifox_Page_Tests.Login_Page_Test" time="29.354" errors="0" timestamp="2022-11-21T20:21:30 IST" skipped="0">
  <testcase classname="Medifox_Page_Tests.Login_Page_Test" name="TC1" time="8.292"/>
  <system-out/>
  <testcase classname="Medifox_Page_Tests.Login_Page_Test" name="TC2" time="12.264"/>
  <system-out/>
  <testcase classname="Medifox_Page_Tests.Login_Page_Test" name="TC3" time="8.798"/>
  <system-out/>
</testsuite> <!-- Medifox_Page_Tests.Login_Page_Test -->
