<?xml version="1.0" encoding="UTF-8"?>
<!-- Generated by org.testng.reporters.JUnitReportReporter -->
<testsuite hostname="DESKTOP-EGK24DD" failures="0" tests="1" name="knowledgeware_Page_Tests.RegisterOne_Page_Test" time="13.567" errors="0" timestamp="2022-11-18T18:27:07 IST" skipped="0">
  <testcase classname="knowledgeware_Page_Tests.RegisterOne_Page_Test" name="pageOneTest" time="13.567"/>
  <system-out/>
</testsuite> <!-- knowledgeware_Page_Tests.RegisterOne_Page_Test -->
